<?xml version='1.0' encoding='UTF-8'?>
<testsuite hostname="Jean-Baptistes-MacBook-Pro.local" name="GameServiceTest" tests="10" errors="0" failures="0" skipped="0" time="0.015" timestamp="2025-05-20T22:43:17">
          <properties>
[...]
</properties>
          <testcase classname="GameServiceTest" name="comb should return 1 for C(1, 0)" time="0.007">
                      
                    </testcase><testcase classname="GameServiceTest" name="comb should return 5 for C(5, 1)" time="0.002">
                      
                    </testcase><testcase classname="GameServiceTest" name="comb should return 10 for C(5, 2)" time="0.001">
                      
                    </testcase><testcase classname="GameServiceTest" name="comb should return 10 for C(5, 3)" time="0.0">
                      
                    </testcase><testcase classname="GameServiceTest" name="comb should return 1 for C(5, 5)" time="0.0">
                      
                    </testcase><testcase classname="GameServiceTest" name="comb should raise a value error for number of sucessful dices rolls higher than number of dices" time="0.001">
                      
                    </testcase><testcase classname="GameServiceTest" name="binomialProbability should calculate correct value for exact 'mode'" time="0.001">
                      
                    </testcase><testcase classname="GameServiceTest" name="binomialProbability should calculate correct value for atLeast 'mode'" time="0.002">
                      
                    </testcase><testcase classname="GameServiceTest" name="binomialProbability should throw IllegalArgumentException for invalid" time="0.0">
                      
                    </testcase><testcase classname="GameServiceTest" name="binomialProbability should throw IllegalArgumentException for invalid mode" time="0.001">
                      
                    </testcase>
          <system-out><![CDATA[]]></system-out>
          <system-err><![CDATA[]]></system-err>
        </testsuite>